<?xml version="1.0" encoding="UTF-8"?>
<!-- Generated by org.testng.reporters.JUnitReportReporter -->
<testsuite hostname="DESKTOP-IM0U5Q7" failures="0" tests="1" name="api.endpoints.Demo" time="0.035" errors="0" timestamp="2023-08-21T18:26:53 IST" skipped="0">
  <testcase classname="api.endpoints.Demo" name="demo1" time="0.035"/>
  <system-out/>
</testsuite> <!-- api.endpoints.Demo -->
