<?xml version="1.0" encoding="UTF-8"?>
<!-- Generated by org.testng.reporters.JUnitReportReporter -->
<testsuite hostname="DESKTOP-IM0U5Q7" failures="0" tests="6" name="api.tests.DataDrivenTestForUser" time="11.512" errors="0" timestamp="2023-08-21T15:39:51 IST" skipped="0">
  <testcase classname="api.tests.DataDrivenTestForUser" name="createUsertest" time="2.582"/>
  <system-out/>
  <testcase classname="api.tests.DataDrivenTestForUser" name="createUsertest" time="2.556"/>
  <system-out/>
  <testcase classname="api.tests.DataDrivenTestForUser" name="createUsertest" time="2.536"/>
  <system-out/>
  <testcase classname="api.tests.DataDrivenTestForUser" name="deleteUserTest" time="1.268"/>
  <system-out/>
  <testcase classname="api.tests.DataDrivenTestForUser" name="deleteUserTest" time="1.288"/>
  <system-out/>
  <testcase classname="api.tests.DataDrivenTestForUser" name="deleteUserTest" time="1.282"/>
  <system-out/>
</testsuite> <!-- api.tests.DataDrivenTestForUser -->
