<?xml version="1.0" encoding="UTF-8"?>
<!-- Generated by org.testng.reporters.JUnitReportReporter -->
<testsuite hostname="DESKTOP-IM0U5Q7" failures="0" tests="1" name="api.tests.UserTest" time="5.922" errors="0" timestamp="2023-08-21T18:28:35 IST" skipped="0">
  <testcase classname="api.tests.UserTest" name="testpostUser" time="5.922"/>
  <system-out/>
</testsuite> <!-- api.tests.UserTest -->
